<?xml version="1.0" encoding="UTF-8"?>
<testsuite name="edu.odu.cs.cs350.TestBook" tests="8" skipped="0" failures="0" errors="0" timestamp="2022-03-31T15:51:10" hostname="Dominiks-MacBook-Air.local" time="0.125">
  <properties/>
  <testcase name="testAddDuplicateAuthor()" classname="edu.odu.cs.cs350.TestBook" time="0.074"/>
  <testcase name="testClone()" classname="edu.odu.cs.cs350.TestBook" time="0.003"/>
  <testcase name="testBookStringStringStringAuthorArray()" classname="edu.odu.cs.cs350.TestBook" time="0.013"/>
  <testcase name="testBook()" classname="edu.odu.cs.cs350.TestBook" time="0.002"/>
  <testcase name="testSetPublisher()" classname="edu.odu.cs.cs350.TestBook" time="0.002"/>
  <testcase name="testAddNewAuthor()" classname="edu.odu.cs.cs350.TestBook" time="0.003"/>
  <testcase name="testSetISBN()" classname="edu.odu.cs.cs350.TestBook" time="0.004"/>
  <testcase name="testSetTitle()" classname="edu.odu.cs.cs350.TestBook" time="0.007"/>
  <system-out><![CDATA[]]></system-out>
  <system-err><![CDATA[]]></system-err>
</testsuite>
